#-----------------------------------------------------------
# Vivado v2016.1 (64-bit)
# SW Build 1538259 on Fri Apr  8 15:45:27 MDT 2016
# IP Build 1537824 on Fri Apr  8 04:28:57 MDT 2016
# Start of session at: Tue Nov 23 07:26:34 2021
# Process ID: 21356
# Current directory: C:/Users/USER/Desktop/System1080p
# Command line: vivado.exe -gui_launcher_event rodinguilauncherevent14840 C:\Users\USER\Desktop\System1080p\System1080p.xpr
# Log file: C:/Users/USER/Desktop/System1080p/vivado.log
# Journal file: C:/Users/USER/Desktop/System1080p\vivado.jou
#-----------------------------------------------------------
start_gui
open_project C:/Users/USER/Desktop/System1080p/System1080p.xpr
Scanning sources...
Finished scanning sources
INFO: [IP_Flow 19-234] Refreshing IP repositories
INFO: [IP_Flow 19-1700] Loaded user IP repository 'c:/Users/USER/Desktop/IP1080RGB'.
INFO: [IP_Flow 19-2313] Loaded Vivado IP repository 'D:/Xilinx2016.1/Vivado/2016.1/data/ip'.
open_project: Time (s): cpu = 00:00:24 ; elapsed = 00:00:19 . Memory (MB): peak = 838.828 ; gain = 158.492
update_compile_order -fileset sources_1
exit
INFO: [Common 17-206] Exiting Vivado at Tue Nov 23 07:27:23 2021...
