#-----------------------------------------------------------
# Vivado v2016.1 (64-bit)
# SW Build 1538259 on Fri Apr  8 15:45:27 MDT 2016
# IP Build 1537824 on Fri Apr  8 04:28:57 MDT 2016
# Start of session at: Thu Nov 25 02:28:45 2021
# Process ID: 10176
# Current directory: C:/Users/USER/Desktop/System1080p
# Command line: vivado.exe -gui_launcher_event rodinguilauncherevent3920 C:\Users\USER\Desktop\System1080p\System1080p.xpr
# Log file: C:/Users/USER/Desktop/System1080p/vivado.log
# Journal file: C:/Users/USER/Desktop/System1080p\vivado.jou
#-----------------------------------------------------------
start_gui
open_project C:/Users/USER/Desktop/System1080p/System1080p.xpr
Scanning sources...
Finished scanning sources
INFO: [IP_Flow 19-234] Refreshing IP repositories
INFO: [IP_Flow 19-1700] Loaded user IP repository 'c:/Users/USER/Desktop/IP1080RGB'.
INFO: [IP_Flow 19-2313] Loaded Vivado IP repository 'D:/Xilinx2016.1/Vivado/2016.1/data/ip'.
WARNING: [BD 41-1661] One or more IPs have been locked in the design 'System1080p.bd'. Please run report_ip_status for more details and recommendations on how to fix this issue.
List of locked IPs:
System1080p_imageProcess_0_0

open_project: Time (s): cpu = 00:00:22 ; elapsed = 00:00:19 . Memory (MB): peak = 828.992 ; gain = 152.246
update_compile_order -fileset sources_1
open_bd_design {C:/Users/USER/Desktop/System1080p/System1080p.srcs/sources_1/bd/System1080p/System1080p.bd}
Adding cell -- xilinx.com:user:imageProcess:1.0 - imageProcess_0
Adding cell -- xilinx.com:ip:processing_system7:5.5 - processing_system7_0
Adding cell -- xilinx.com:ip:axi_dma:7.1 - axi_dma_0
Adding cell -- xilinx.com:ip:proc_sys_reset:5.0 - rst_processing_system7_0_100M
Adding cell -- xilinx.com:ip:axis_dwidth_converter:1.1 - axis_dwidth_converter_0
Adding cell -- xilinx.com:ip:xlconcat:2.1 - xlconcat_0
Adding cell -- xilinx.com:ip:axi_crossbar:2.1 - xbar
Adding cell -- xilinx.com:ip:axi_protocol_converter:2.1 - auto_pc
Adding cell -- xilinx.com:ip:axi_dwidth_converter:2.1 - auto_us
Adding cell -- xilinx.com:ip:axi_dwidth_converter:2.1 - auto_us
Adding cell -- xilinx.com:ip:axi_protocol_converter:2.1 - auto_pc
Excluding </processing_system7_0/S_AXI_ACP/ACP_IOP> from </axi_dma_0/Data_MM2S>
Excluding </processing_system7_0/S_AXI_ACP/ACP_M_AXI_GP0> from </axi_dma_0/Data_MM2S>
Excluding </processing_system7_0/S_AXI_ACP/ACP_IOP> from </axi_dma_0/Data_S2MM>
Excluding </processing_system7_0/S_AXI_ACP/ACP_M_AXI_GP0> from </axi_dma_0/Data_S2MM>
Successfully read diagram <System1080p> from BD file <C:/Users/USER/Desktop/System1080p/System1080p.srcs/sources_1/bd/System1080p/System1080p.bd>
open_bd_design: Time (s): cpu = 00:00:08 ; elapsed = 00:00:08 . Memory (MB): peak = 901.461 ; gain = 68.340
exit
INFO: [Common 17-206] Exiting Vivado at Thu Nov 25 03:33:22 2021...
