#-----------------------------------------------------------
# Webtalk v2016.1 (64-bit)
# SW Build 1538259 on Fri Apr  8 15:45:27 MDT 2016
# 
# Start of session at: Mon Nov 22 19:04:22 2021
# Process ID: 19648
# Current directory: C:/Users/USER/Desktop/System1080p/System1080p.sdk/webtalk
# Command line: wbtcv.exe -mode batch -source sdk_webtalk.tcl
# Log file: C:/Users/USER/Desktop/System1080p/System1080p.sdk/webtalk/webtalk.log
# Journal file: C:/Users/USER/Desktop/System1080p/System1080p.sdk/webtalk\webtalk.jou
#-----------------------------------------------------------
source sdk_webtalk.tcl
# webtalk_init -webtalk_dir C:\\Users\\USER\\Desktop\\System1080p\\System1080p.sdk\\webtalk
# webtalk_register_client -client project
# webtalk_add_data -client project -key date_generated -value "星期一 十一月 22 19:04:21 2021" -context "software_version_and_target_device"
# webtalk_add_data -client project -key product_version -value "SDK v2016.1" -context "software_version_and_target_device"
# webtalk_add_data -client project -key build_version -value "2016.1" -context "software_version_and_target_device"
# webtalk_add_data -client project -key os_platform -value "amd64" -context "software_version_and_target_device"
# webtalk_add_data -client project -key registration_id -value "" -context "software_version_and_target_device"
# webtalk_add_data -client project -key tool_flow -value "SDK" -context "software_version_and_target_device"
# webtalk_add_data -client project -key beta -value "false" -context "software_version_and_target_device"
# webtalk_add_data -client project -key route_design -value "NA" -context "software_version_and_target_device"
# webtalk_add_data -client project -key target_family -value "NA" -context "software_version_and_target_device"
# webtalk_add_data -client project -key target_device -value "NA" -context "software_version_and_target_device"
# webtalk_add_data -client project -key target_package -value "NA" -context "software_version_and_target_device"
# webtalk_add_data -client project -key target_speed -value "NA" -context "software_version_and_target_device"
# webtalk_add_data -client project -key random_id -value "j5lsaqh1jph6kl1ktdlvpohltc" -context "software_version_and_target_device"
# webtalk_add_data -client project -key project_id -value "2016.1_2" -context "software_version_and_target_device"
# webtalk_add_data -client project -key project_iteration -value "2" -context "software_version_and_target_device"
# webtalk_add_data -client project -key os_name -value "Microsoft Windows 8 or later , 64-bit" -context "user_environment"
# webtalk_add_data -client project -key os_release -value "major release  (build 9200)" -context "user_environment"
# webtalk_add_data -client project -key cpu_name -value "AMD Ryzen 7 3750H with Radeon Vega Mobile Gfx  " -context "user_environment"
# webtalk_add_data -client project -key cpu_speed -value "2296 MHz" -context "user_environment"
# webtalk_add_data -client project -key total_processors -value "1" -context "user_environment"
# webtalk_add_data -client project -key system_ram -value "14.000 GB" -context "user_environment"
# webtalk_add_data -client project -key date_generated -value "星期一 十一月 22 19:04:15 2021" -context "software_version_and_target_device"
# webtalk_add_data -client project -key product_version -value "SDK v2016.1" -context "software_version_and_target_device"
# webtalk_add_data -client project -key build_version -value "2016.1" -context "software_version_and_target_device"
# webtalk_add_data -client project -key os_platform -value "amd64" -context "software_version_and_target_device"
# webtalk_add_data -client project -key registration_id -value "" -context "software_version_and_target_device"
# webtalk_add_data -client project -key tool_flow -value "SDK" -context "software_version_and_target_device"
# webtalk_add_data -client project -key beta -value "false" -context "software_version_and_target_device"
# webtalk_add_data -client project -key route_design -value "NA" -context "software_version_and_target_device"
# webtalk_add_data -client project -key target_family -value "NA" -context "software_version_and_target_device"
# webtalk_add_data -client project -key target_device -value "NA" -context "software_version_and_target_device"
# webtalk_add_data -client project -key target_package -value "NA" -context "software_version_and_target_device"
# webtalk_add_data -client project -key target_speed -value "NA" -context "software_version_and_target_device"
# webtalk_add_data -client project -key random_id -value "bk0tiv6vsde53kqd8ijv51frv2" -context "software_version_and_target_device"
# webtalk_add_data -client project -key project_id -value "2016.1_1" -context "software_version_and_target_device"
# webtalk_add_data -client project -key project_iteration -value "1" -context "software_version_and_target_device"
# webtalk_add_data -client project -key os_name -value "" -context "user_environment"
# webtalk_add_data -client project -key os_release -value "" -context "user_environment"
# webtalk_add_data -client project -key cpu_name -value "" -context "user_environment"
# webtalk_add_data -client project -k# webtalk_terminate
INFO: [Common 17-206] Exiting Webtalk at Mon Nov 22 19:04:44 2021...
y total_processors -value "" -context "user_environment"
# webtalk_add_data -client project -key system_ram -value "" -context "user_environment"
# webtalk_register_client -client sdk
# webtalk_add_data -client sdk -key uid -value "1637578328903" -context "sdk\\\\hardware/1637578328903"
# webtalk_add_data -client sdk -key isZynq -value "true" -context "sdk\\\\hardware/1637578328903"
# webtalk_add_data -client sdk -key Processors -value "2" -context "sdk\\\\hardware/1637578328903"
# webtalk_add_data -client sdk -key VivadoVersion -value "2016.1" -context "sdk\\\\hardware/1637578328903"
# webtalk_add_data -client sdk -key Arch -value "zynq" -context "sdk\\\\hardware/1637578328903"
# webtalk_add_data -client sdk -key Device -value "7z020" -context "sdk\\\\hardware/1637578328903"
# webtalk_add_data -client sdk -key IsHandoff -value "true" -context "sdk\\\\hardware/1637578328903"
# webtalk_add_data -client sdk -key uid -value "1637578731765" -context "sdk\\\\bsp/1637578731765"
# webtalk_add_data -client sdk -key hwid -value "1637578328903" -context "sdk\\\\bsp/1637578731765"
# webtalk_add_data -client sdk -key os -value "standalone" -context "sdk\\\\bsp/1637578731765"
# webtalk_add_data -client sdk -key apptemplate -value "empty_application" -context "sdk\\\\bsp/1637578731765"
# webtalk_add_data -client sdk -key uid -value "1637578745596" -context "sdk\\\\application/1637578745596"
# webtalk_add_data -client sdk -key hwid -value "1637578328903" -context "sdk\\\\application/1637578745596"
# webtalk_add_data -client sdk -key bspid -value "1637578731765" -context "sdk\\\\application/1637578745596"
# webtalk_add_data -client sdk -key newbsp -value "true" -context "sdk\\\\application/1637578745596"
# webtalk_add_data -client sdk -key os -value "standalone" -context "sdk\\\\application/1637578745596"
# webtalk_add_data -client sdk -key apptemplate -value "empty_application" -context "sdk\\\\application/1637578745596"
# webtalk_transmit -clientid 3512150114 -regid "" -xml C:\\Users\\USER\\Desktop\\System1080p\\System1080p.sdk\\webtalk\\usage_statistics_ext_sdk.xml -html C:\\Users\\USER\\Desktop\\System1080p\\System1080p.sdk\\webtalk\\usage_statistics_ext_sdk.html -wdm C:\\Users\\USER\\Desktop\\System1080p\\System1080p.sdk\\webtalk\\sdk_webtalk.wdm -intro "<H3>SDK Usage Report</H3><BR>"
# webtalk_terminate
INFO: [Common 17-206] Exiting Webtalk at Mon Nov 22 19:04:44 2021...
